[1;34mSimulator constructor[0m
[1;34m  config.xml successfully loaded [0m
[1;34mOkteenSimulator constructor[0m
grid size : 6 x 4 x 3
blocksize =10,10,10
World constructor
initShaders
Compilation of the Vertex Program
compilation OK
Compilation of the Fragment Program
compilation OK
Shaders initialized.
loading ../../simulatorCore/resources/textures/UITextures/fenetre_onglet.tga
loading ../../simulatorCore/resources/textures/UITextures/boutons_fg.tga
loading ../../simulatorCore/resources/textures/UITextures/boutons_fd.tga
loading ../../simulatorCore/resources/textures/UITextures/slider.tga
loading ../../simulatorCore/resources/textures/UITextures/fenetre_ongletDBG.tga
loading ../../simulatorCore/resources/textures/UITextures/boutons_fg.tga
loading ../../simulatorCore/resources/textures/UITextures/boutons_fd.tga
loading ../../simulatorCore/resources/textures/UITextures/slider.tga
[1;31mOkteenWorld constructor[0m
Smoothing groups not managed !
Smoothing groups not managed !
Smoothing groups not managed !
Smoothing groups not managed !
Smoothing groups not managed !
Smoothing groups not managed !
Smoothing groups not managed !
Smoothing groups not managed !
Smoothing groups not managed !
Smoothing groups not managed !
Smoothing groups not managed !
Smoothing groups not managed !
Smoothing groups not managed !
Smoothing groups not managed !
Smoothing groups not managed !
Smoothing groups not managed !
Smoothing groups not managed !
Smoothing groups not managed !
Smoothing groups not managed !
Smoothing groups not managed !
Smoothing groups not managed !
No 'lighted' texture in obj file :okteenConnector.obj
Smoothing groups not managed !
Smoothing groups not managed !
Smoothing groups not managed !
Smoothing groups not managed !
Smoothing groups not managed !
Smoothing groups not managed !
Smoothing groups not managed !
Smoothing groups not managed !
Smoothing groups not managed !
Smoothing groups not managed !
Smoothing groups not managed !
Smoothing groups not managed !
Smoothing groups not managed !
Smoothing groups not managed !
Smoothing groups not managed !
Smoothing groups not managed !
No 'lighted' texture in obj file :repere25.obj
loading ../../simulatorCore/resources/textures/latticeTextures/texture_plane.tga
Scheduler constructor
CPPScheduler constructor
new default color :(0.501961,0.501961,0.501961,1)
new color :(0.501961,0.501961,0.501961,1)
BuildingBlock constructor (id:0)
P2PNetworkInterface constructor
P2PNetworkInterface constructor
P2PNetworkInterface constructor
P2PNetworkInterface constructor
P2PNetworkInterface constructor
P2PNetworkInterface constructor
P2PNetworkInterface constructor
P2PNetworkInterface constructor
P2PNetworkInterface constructor
P2PNetworkInterface constructor
P2PNetworkInterface constructor
P2PNetworkInterface constructor
OkteenBlockCode constructor
OkteenBlock constructor
ADD #1, (1,1,1)
new color :(0.501961,0.501961,0.501961,1)
BuildingBlock constructor (id:0)
P2PNetworkInterface constructor
P2PNetworkInterface constructor
P2PNetworkInterface constructor
P2PNetworkInterface constructor
P2PNetworkInterface constructor
P2PNetworkInterface constructor
P2PNetworkInterface constructor
P2PNetworkInterface constructor
P2PNetworkInterface constructor
P2PNetworkInterface constructor
P2PNetworkInterface constructor
P2PNetworkInterface constructor
OkteenBlockCode constructor
OkteenBlock constructor
ADD #2, (0,0,0)
new color :(0.501961,0.501961,0.501961,1)
BuildingBlock constructor (id:0)
P2PNetworkInterface constructor
P2PNetworkInterface constructor
P2PNetworkInterface constructor
P2PNetworkInterface constructor
P2PNetworkInterface constructor
P2PNetworkInterface constructor
P2PNetworkInterface constructor
P2PNetworkInterface constructor
P2PNetworkInterface constructor
P2PNetworkInterface constructor
P2PNetworkInterface constructor
P2PNetworkInterface constructor
OkteenBlockCode constructor
OkteenBlock constructor
ADD #3, (0,0,1)
new color :(0.501961,0.501961,0.501961,1)
BuildingBlock constructor (id:0)
P2PNetworkInterface constructor
P2PNetworkInterface constructor
P2PNetworkInterface constructor
P2PNetworkInterface constructor
P2PNetworkInterface constructor
P2PNetworkInterface constructor
P2PNetworkInterface constructor
P2PNetworkInterface constructor
P2PNetworkInterface constructor
P2PNetworkInterface constructor
P2PNetworkInterface constructor
P2PNetworkInterface constructor
OkteenBlockCode constructor
OkteenBlock constructor
ADD #4, (0,1,0)
new color :(0.501961,0.501961,0.501961,1)
BuildingBlock constructor (id:0)
P2PNetworkInterface constructor
P2PNetworkInterface constructor
P2PNetworkInterface constructor
P2PNetworkInterface constructor
P2PNetworkInterface constructor
P2PNetworkInterface constructor
P2PNetworkInterface constructor
P2PNetworkInterface constructor
P2PNetworkInterface constructor
P2PNetworkInterface constructor
P2PNetworkInterface constructor
P2PNetworkInterface constructor
OkteenBlockCode constructor
OkteenBlock constructor
ADD #5, (1,0,0)
new color :(0.501961,0.501961,0.501961,1)
BuildingBlock constructor (id:0)
P2PNetworkInterface constructor
P2PNetworkInterface constructor
P2PNetworkInterface constructor
P2PNetworkInterface constructor
P2PNetworkInterface constructor
P2PNetworkInterface constructor
P2PNetworkInterface constructor
P2PNetworkInterface constructor
P2PNetworkInterface constructor
P2PNetworkInterface constructor
P2PNetworkInterface constructor
P2PNetworkInterface constructor
OkteenBlockCode constructor
OkteenBlock constructor
ADD #6, (2,0,0)
new color :(0.501961,0.501961,0.501961,1)
BuildingBlock constructor (id:0)
P2PNetworkInterface constructor
P2PNetworkInterface constructor
P2PNetworkInterface constructor
P2PNetworkInterface constructor
P2PNetworkInterface constructor
P2PNetworkInterface constructor
P2PNetworkInterface constructor
P2PNetworkInterface constructor
P2PNetworkInterface constructor
P2PNetworkInterface constructor
P2PNetworkInterface constructor
P2PNetworkInterface constructor
OkteenBlockCode constructor
OkteenBlock constructor
ADD #7, (2,1,0)
new color :(0.501961,0.501961,0.501961,1)
BuildingBlock constructor (id:0)
P2PNetworkInterface constructor
P2PNetworkInterface constructor
P2PNetworkInterface constructor
P2PNetworkInterface constructor
P2PNetworkInterface constructor
P2PNetworkInterface constructor
P2PNetworkInterface constructor
P2PNetworkInterface constructor
P2PNetworkInterface constructor
P2PNetworkInterface constructor
P2PNetworkInterface constructor
P2PNetworkInterface constructor
OkteenBlockCode constructor
OkteenBlock constructor
ADD #8, (2,0,1)
new color :(0.501961,0.501961,0.501961,1)
BuildingBlock constructor (id:0)
P2PNetworkInterface constructor
P2PNetworkInterface constructor
P2PNetworkInterface constructor
P2PNetworkInterface constructor
P2PNetworkInterface constructor
P2PNetworkInterface constructor
P2PNetworkInterface constructor
P2PNetworkInterface constructor
P2PNetworkInterface constructor
P2PNetworkInterface constructor
P2PNetworkInterface constructor
P2PNetworkInterface constructor
OkteenBlockCode constructor
OkteenBlock constructor
ADD #9, (3,0,0)
new color :(0.501961,0.501961,0.501961,1)
BuildingBlock constructor (id:0)
P2PNetworkInterface constructor
P2PNetworkInterface constructor
P2PNetworkInterface constructor
P2PNetworkInterface constructor
P2PNetworkInterface constructor
P2PNetworkInterface constructor
P2PNetworkInterface constructor
P2PNetworkInterface constructor
P2PNetworkInterface constructor
P2PNetworkInterface constructor
P2PNetworkInterface constructor
P2PNetworkInterface constructor
OkteenBlockCode constructor
OkteenBlock constructor
ADD #10, (1,1,0)
new color :(0.501961,0.501961,0.501961,1)
BuildingBlock constructor (id:0)
P2PNetworkInterface constructor
P2PNetworkInterface constructor
P2PNetworkInterface constructor
P2PNetworkInterface constructor
P2PNetworkInterface constructor
P2PNetworkInterface constructor
P2PNetworkInterface constructor
P2PNetworkInterface constructor
P2PNetworkInterface constructor
P2PNetworkInterface constructor
P2PNetworkInterface constructor
P2PNetworkInterface constructor
OkteenBlockCode constructor
OkteenBlock constructor
ADD #11, (1,0,1)
new color :(0.501961,0.501961,0.501961,1)
BuildingBlock constructor (id:0)
P2PNetworkInterface constructor
P2PNetworkInterface constructor
P2PNetworkInterface constructor
P2PNetworkInterface constructor
P2PNetworkInterface constructor
P2PNetworkInterface constructor
P2PNetworkInterface constructor
P2PNetworkInterface constructor
P2PNetworkInterface constructor
P2PNetworkInterface constructor
P2PNetworkInterface constructor
P2PNetworkInterface constructor
OkteenBlockCode constructor
OkteenBlock constructor
ADD #12, (0,1,1)
pos:(0,0,0)  #2
npos:(0,0,-1)  i=0
npos:(0,1,0)  i=1
Simulator: 2 add neighbor 4 on Back
Simulator: 4 add neighbor 2 on Left
connection #2:Back to #4:Left
npos:(1,0,0)  i=2
Simulator: 2 add neighbor 5 on Right
Simulator: 5 add neighbor 2 on Front
connection #2:Right to #5:Front
npos:(-1,0,0)  i=3
npos:(0,-1,0)  i=4
npos:(0,0,1)  i=5
Simulator: 2 add neighbor 3 on Top
Simulator: 3 add neighbor 2 on Bottom
connection #2:Top to #3:Bottom
pos:(1,0,0)  #5
npos:(1,0,-1)  i=0
npos:(1,1,0)  i=1
Simulator: 5 add neighbor 10 on Back
Simulator: 10 add neighbor 5 on Left
connection #5:Back to #10:Left
npos:(2,0,0)  i=2
Simulator: 5 add neighbor 6 on Right
Simulator: 6 add neighbor 5 on Front
connection #5:Right to #6:Front
npos:(0,0,0)  i=3
connection #5:Front to #2:Right
npos:(1,-1,0)  i=4
npos:(1,0,1)  i=5
Simulator: 5 add neighbor 11 on Top
Simulator: 11 add neighbor 5 on Bottom
connection #5:Top to #11:Bottom
pos:(2,0,0)  #6
npos:(2,0,-1)  i=0
npos:(2,1,0)  i=1
Simulator: 6 add neighbor 7 on Back
Simulator: 7 add neighbor 6 on Left
connection #6:Back to #7:Left
npos:(3,0,0)  i=2
Simulator: 6 add neighbor 9 on Right
Simulator: 9 add neighbor 6 on Front
connection #6:Right to #9:Front
npos:(1,0,0)  i=3
connection #6:Front to #5:Right
npos:(2,-1,0)  i=4
npos:(2,0,1)  i=5
Simulator: 6 add neighbor 8 on Top
Simulator: 8 add neighbor 6 on Bottom
connection #6:Top to #8:Bottom
pos:(3,0,0)  #9
npos:(3,0,-1)  i=0
npos:(3,1,0)  i=1
npos:(4,0,0)  i=2
npos:(2,0,0)  i=3
connection #9:Front to #6:Right
npos:(3,-1,0)  i=4
npos:(3,0,1)  i=5
pos:(0,1,0)  #4
npos:(0,1,-1)  i=0
npos:(0,2,0)  i=1
npos:(1,1,0)  i=2
Simulator: 4 add neighbor 10 on Right
Simulator: 10 add neighbor 4 on Front
connection #4:Right to #10:Front
npos:(-1,1,0)  i=3
npos:(0,0,0)  i=4
connection #4:Left to #2:Back
npos:(0,1,1)  i=5
Simulator: 4 add neighbor 12 on Top
Simulator: 12 add neighbor 4 on Bottom
connection #4:Top to #12:Bottom
pos:(1,1,0)  #10
npos:(1,1,-1)  i=0
npos:(1,2,0)  i=1
npos:(2,1,0)  i=2
Simulator: 10 add neighbor 7 on Right
Simulator: 7 add neighbor 10 on Front
connection #10:Right to #7:Front
npos:(0,1,0)  i=3
connection #10:Front to #4:Right
npos:(1,0,0)  i=4
connection #10:Left to #5:Back
npos:(1,1,1)  i=5
Simulator: 10 add neighbor 1 on Top
Simulator: 1 add neighbor 10 on Bottom
connection #10:Top to #1:Bottom
pos:(2,1,0)  #7
npos:(2,1,-1)  i=0
npos:(2,2,0)  i=1
npos:(3,1,0)  i=2
npos:(1,1,0)  i=3
connection #7:Front to #10:Right
npos:(2,0,0)  i=4
connection #7:Left to #6:Back
npos:(2,1,1)  i=5
pos:(0,0,1)  #3
npos:(0,0,0)  i=0
connection #3:Bottom to #2:Top
npos:(0,1,1)  i=1
Simulator: 3 add neighbor 12 on Back
Simulator: 12 add neighbor 3 on Left
connection #3:Back to #12:Left
npos:(1,0,1)  i=2
Simulator: 3 add neighbor 11 on Right
Simulator: 11 add neighbor 3 on Front
connection #3:Right to #11:Front
npos:(-1,0,1)  i=3
npos:(0,-1,1)  i=4
npos:(0,0,2)  i=5
pos:(1,0,1)  #11
npos:(1,0,0)  i=0
connection #11:Bottom to #5:Top
npos:(1,1,1)  i=1
Simulator: 11 add neighbor 1 on Back
Simulator: 1 add neighbor 11 on Left
connection #11:Back to #1:Left
npos:(2,0,1)  i=2
Simulator: 11 add neighbor 8 on Right
Simulator: 8 add neighbor 11 on Front
connection #11:Right to #8:Front
npos:(0,0,1)  i=3
connection #11:Front to #3:Right
npos:(1,-1,1)  i=4
npos:(1,0,2)  i=5
pos:(2,0,1)  #8
npos:(2,0,0)  i=0
connection #8:Bottom to #6:Top
npos:(2,1,1)  i=1
npos:(3,0,1)  i=2
npos:(1,0,1)  i=3
connection #8:Front to #11:Right
npos:(2,-1,1)  i=4
npos:(2,0,2)  i=5
pos:(0,1,1)  #12
npos:(0,1,0)  i=0
connection #12:Bottom to #4:Top
npos:(0,2,1)  i=1
npos:(1,1,1)  i=2
Simulator: 12 add neighbor 1 on Right
Simulator: 1 add neighbor 12 on Front
connection #12:Right to #1:Front
npos:(-1,1,1)  i=3
npos:(0,0,1)  i=4
connection #12:Left to #3:Back
npos:(0,1,2)  i=5
pos:(1,1,1)  #1
npos:(1,1,0)  i=0
connection #1:Bottom to #10:Top
npos:(1,2,1)  i=1
npos:(2,1,1)  i=2
npos:(0,1,1)  i=3
connection #1:Front to #12:Right
npos:(1,0,1)  i=4
connection #1:Left to #11:Back
npos:(1,1,2)  i=5
0.000000 #1: start 1 pos=(1,1,1)
Motion
BACK
BOTTOM
Error: invalid motion
Error: invalid motion
0.000000 #2: start 2 pos=(0,0,0)
0.000000 #3: start 3 pos=(0,0,1)
0.000000 #4: start 4 pos=(0,1,0)
0.000000 #5: start 5 pos=(1,0,0)
0.000000 #6: start 6 pos=(2,0,0)
0.000000 #7: start 7 pos=(2,1,0)
0.000000 #8: start 8 pos=(2,0,1)
0.000000 #9: start 9 pos=(3,0,0)
0.000000 #10: start 10 pos=(1,1,0)
0.000000 #11: start 11 pos=(1,0,1)
0.000000 #12: start 12 pos=(0,1,1)
ADD_NEIGHBOR
ADD_NEIGHBOR
ADD_NEIGHBOR
ADD_NEIGHBOR
ADD_NEIGHBOR
ADD_NEIGHBOR
ADD_NEIGHBOR
ADD_NEIGHBOR
ADD_NEIGHBOR
ADD_NEIGHBOR
ADD_NEIGHBOR
ADD_NEIGHBOR
ADD_NEIGHBOR
ADD_NEIGHBOR
ADD_NEIGHBOR
ADD_NEIGHBOR
ADD_NEIGHBOR
ADD_NEIGHBOR
ADD_NEIGHBOR
ADD_NEIGHBOR
ADD_NEIGHBOR
ADD_NEIGHBOR
ADD_NEIGHBOR
ADD_NEIGHBOR
ADD_NEIGHBOR
ADD_NEIGHBOR
ADD_NEIGHBOR
ADD_NEIGHBOR
ADD_NEIGHBOR
ADD_NEIGHBOR
ADD_NEIGHBOR
ADD_NEIGHBOR
ADD_NEIGHBOR
ADD_NEIGHBOR
ADD_NEIGHBOR
ADD_NEIGHBOR
Simulator: 1 remove neighbor on Bottom
Simulator: 10 remove neighbor on Top
Simulator: 1 remove neighbor on Front
Simulator: 12 remove neighbor on Right
Simulator: 1 remove neighbor on Left
Simulator: 11 remove neighbor on Back
1000 : Disconnect Block 1 pos = (1,1,1)
2.201000 #1: connect Block 1
Connect Block 1 pos = (2,1,1)
pos:(2,1,1)  #1
npos:(2,1,0)  i=0
Simulator: 1 add neighbor 7 on Bottom
Simulator: 7 add neighbor 1 on Top
connection #1:Bottom to #7:Top
npos:(2,2,1)  i=1
npos:(3,1,1)  i=2
npos:(1,1,1)  i=3
npos:(2,0,1)  i=4
Simulator: 1 add neighbor 8 on Left
Simulator: 8 add neighbor 1 on Back
connection #1:Left to #8:Back
npos:(2,1,2)  i=5
pos:(2,1,0)  #7
npos:(2,1,-1)  i=0
npos:(2,2,0)  i=1
npos:(3,1,0)  i=2
npos:(1,1,0)  i=3
connection #7:Front to #10:Right
npos:(2,0,0)  i=4
connection #7:Left to #6:Back
npos:(2,1,1)  i=5
connection #7:Top to #1:Bottom
pos:(2,0,1)  #8
npos:(2,0,0)  i=0
connection #8:Bottom to #6:Top
npos:(2,1,1)  i=1
connection #8:Back to #1:Left
npos:(3,0,1)  i=2
npos:(1,0,1)  i=3
connection #8:Front to #11:Right
npos:(2,-1,1)  i=4
npos:(2,0,2)  i=5
ADD_NEIGHBOR
ADD_NEIGHBOR
ADD_NEIGHBOR
ADD_NEIGHBOR
Motion
Error: invalid motion
Simulator: 1 remove neighbor on Bottom
Simulator: 7 remove neighbor on Top
Simulator: 1 remove neighbor on Left
Simulator: 8 remove neighbor on Back
2302000 : Disconnect Block 1 pos = (2,1,1)
4.502000 #1: connect Block 1
Connect Block 1 pos = (0,0,0)
